mkdir: das Verzeichnis „/media/inter/ssteindl/FC/usecaserepo/SYNC0524/uc3-drosophola-genetics/projects/LandscapeGenomicsPipeline/FullDataRun“ kann nicht angelegt werden: Die Datei existiert bereits
mkdir: das Verzeichnis „/media/inter/ssteindl/FC/usecaserepo/SYNC0524/uc3-drosophola-genetics/projects/LandscapeGenomicsPipeline/FullDataRun/results“ kann nicht angelegt werden: Die Datei existiert bereits
mkdir: das Verzeichnis „/media/inter/ssteindl/FC/usecaserepo/SYNC0524/uc3-drosophola-genetics/projects/LandscapeGenomicsPipeline/FullDataRun/results/AllSNPs“ kann nicht angelegt werden: Die Datei existiert bereits
mkdir: das Verzeichnis „/media/inter/ssteindl/FC/usecaserepo/SYNC0524/uc3-drosophola-genetics/projects/LandscapeGenomicsPipeline/FullDataRun/results/AllSNPs/summary“ kann nicht angelegt werden: Die Datei existiert bereits
mkdir: das Verzeichnis „data“ kann nicht angelegt werden: Die Datei existiert bereits
DOWNLOADING VCF FROM DEST.bio AND EXTRACTING SAMPLENAMES
/media/inter/ssteindl/FC/usecaserepo/SYNC0524/uc3-drosophola-genetics/projects/LandscapeGenomicsPipeline/FullData2/data/PoolSeq2024.vcf.gz
/media/inter/ssteindl/FC/usecaserepo/SYNC0524/uc3-drosophola-genetics/projects/LandscapeGenomicsPipeline/FullData2/data/PoolSeq2024.vcf.gz
/media/inter/ssteindl/FC/usecaserepo/SYNC0524/uc3-drosophola-genetics/projects/LandscapeGenomicsPipeline/FullData2/data/EuropeSamples_Pass.csv
AllSNPs
PERFORMING LINEAR REGRESSION
── Attaching core tidyverse packages ──────────────────────── tidyverse 2.0.0 ──
✔ dplyr     1.1.4     ✔ readr     2.1.5
✔ forcats   1.0.0     ✔ stringr   1.5.0
✔ ggplot2   3.5.1     ✔ tibble    3.2.1
✔ lubridate 1.9.3     ✔ tidyr     1.3.1
✔ purrr     1.0.2     
── Conflicts ────────────────────────────────────────── tidyverse_conflicts() ──
✖ dplyr::filter() masks stats::filter()
✖ dplyr::lag()    masks stats::lag()
ℹ Use the conflicted package (<http://conflicted.r-lib.org/>) to force all conflicts to become errors

Attache Paket: ‘gridExtra’

Das folgende Objekt ist maskiert ‘package:dplyr’:

    combine


Attache Paket: ‘maps’

Das folgende Objekt ist maskiert ‘package:purrr’:

    map

Warnmeldung:
In dir.create(directory_path, recursive = TRUE) :
  'results/AllSNPs/LinearRegressions' existiert bereits
Warnmeldungen:
1: In lapply(Rclean, as.numeric) : NAs durch Umwandlung erzeugt
2: In lapply(Rclean, as.numeric) : NAs durch Umwandlung erzeugt
3: In lapply(Rclean, as.numeric) : NAs durch Umwandlung erzeugt
4: In lapply(Rclean, as.numeric) : NAs durch Umwandlung erzeugt
5: In lapply(Rclean, as.numeric) : NAs durch Umwandlung erzeugt
6: In lapply(Rclean, as.numeric) : NAs durch Umwandlung erzeugt
7: In lapply(Rclean, as.numeric) : NAs durch Umwandlung erzeugt
8: In lapply(Rclean, as.numeric) : NAs durch Umwandlung erzeugt
9: In lapply(Rclean, as.numeric) : NAs durch Umwandlung erzeugt
[1] 491
[1] 199
Es gab 50 oder mehr Warnungen (Anzeige der ersten 50 mit warnings())
