mkdir: das Verzeichnis „/media/inter/ssteindl/FC/usecaserepo/SYNC0524/uc3-drosophola-genetics/projects/LandscapeGenomicsPipeline/FullDataRun“ kann nicht angelegt werden: Die Datei existiert bereits
mkdir: das Verzeichnis „/media/inter/ssteindl/FC/usecaserepo/SYNC0524/uc3-drosophola-genetics/projects/LandscapeGenomicsPipeline/FullDataRun/results“ kann nicht angelegt werden: Die Datei existiert bereits
mkdir: das Verzeichnis „/media/inter/ssteindl/FC/usecaserepo/SYNC0524/uc3-drosophola-genetics/projects/LandscapeGenomicsPipeline/FullDataRun/results/AllSNPs“ kann nicht angelegt werden: Die Datei existiert bereits
mkdir: das Verzeichnis „/media/inter/ssteindl/FC/usecaserepo/SYNC0524/uc3-drosophola-genetics/projects/LandscapeGenomicsPipeline/FullDataRun/results/AllSNPs/summary“ kann nicht angelegt werden: Die Datei existiert bereits
mkdir: das Verzeichnis „data“ kann nicht angelegt werden: Die Datei existiert bereits
DOWNLOADING VCF FROM DEST.bio AND EXTRACTING SAMPLENAMES
/media/inter/ssteindl/FC/usecaserepo/SYNC0524/uc3-drosophola-genetics/projects/LandscapeGenomicsPipeline/FullData2/data/PoolSeq2024.vcf.gz
/media/inter/ssteindl/FC/usecaserepo/SYNC0524/uc3-drosophola-genetics/projects/LandscapeGenomicsPipeline/FullData2/data/PoolSeq2024.vcf.gz
/media/inter/ssteindl/FC/usecaserepo/SYNC0524/uc3-drosophola-genetics/projects/LandscapeGenomicsPipeline/FullData2/data/EuropeSamples_Pass.csv
AllSNPs
PERFORMING LINEAR REGRESSION
mkdir: das Verzeichnis „/media/inter/ssteindl/FC/usecaserepo/SYNC0524/uc3-drosophola-genetics/projects/LandscapeGenomicsPipeline/FullDataRun/results/AllSNPs/RDA“ kann nicht angelegt werden: Die Datei existiert bereits
Fatal error: kann Datei '/media/inter/ssteindl/FC/usecaserepo/SYNC0524/uc3-drosophola-genetics/projects/LandscapeGenomicsPipeline/FullDataRun/results/AllSNPs/RDA/NewApproachRDA.r' nicht ?ffnen: Datei oder Verzeichnis nicht gefunden
mkdir: das Verzeichnis „/media/inter/ssteindl/FC/usecaserepo/SYNC0524/uc3-drosophola-genetics/projects/LandscapeGenomicsPipeline/FullDataRun“ kann nicht angelegt werden: Die Datei existiert bereits
mkdir: das Verzeichnis „/media/inter/ssteindl/FC/usecaserepo/SYNC0524/uc3-drosophola-genetics/projects/LandscapeGenomicsPipeline/FullDataRun/results“ kann nicht angelegt werden: Die Datei existiert bereits
mkdir: das Verzeichnis „/media/inter/ssteindl/FC/usecaserepo/SYNC0524/uc3-drosophola-genetics/projects/LandscapeGenomicsPipeline/FullDataRun/results/AllSNPs“ kann nicht angelegt werden: Die Datei existiert bereits
mkdir: das Verzeichnis „/media/inter/ssteindl/FC/usecaserepo/SYNC0524/uc3-drosophola-genetics/projects/LandscapeGenomicsPipeline/FullDataRun/results/AllSNPs/summary“ kann nicht angelegt werden: Die Datei existiert bereits
mkdir: das Verzeichnis „data“ kann nicht angelegt werden: Die Datei existiert bereits
DOWNLOADING VCF FROM DEST.bio AND EXTRACTING SAMPLENAMES
/media/inter/ssteindl/FC/usecaserepo/SYNC0524/uc3-drosophola-genetics/projects/LandscapeGenomicsPipeline/FullData2/data/PoolSeq2024.vcf.gz
/media/inter/ssteindl/FC/usecaserepo/SYNC0524/uc3-drosophola-genetics/projects/LandscapeGenomicsPipeline/FullData2/data/PoolSeq2024.vcf.gz
/media/inter/ssteindl/FC/usecaserepo/SYNC0524/uc3-drosophola-genetics/projects/LandscapeGenomicsPipeline/FullData2/data/EuropeSamples_Pass.csv
AllSNPs
PERFORMING LINEAR REGRESSION
mkdir: das Verzeichnis „/media/inter/ssteindl/FC/usecaserepo/SYNC0524/uc3-drosophola-genetics/projects/LandscapeGenomicsPipeline/FullDataRun/results/AllSNPs/RDA“ kann nicht angelegt werden: Die Datei existiert bereits

Attache Paket: ‘dplyr’

Die folgenden Objekte sind maskiert von ‘package:stats’:

    filter, lag

Die folgenden Objekte sind maskiert von ‘package:base’:

    intersect, setdiff, setequal, union

Lade nötiges Paket: ape

Attache Paket: ‘ape’

Das folgende Objekt ist maskiert ‘package:dplyr’:

    where


Attache Paket: ‘pegas’

Das folgende Objekt ist maskiert ‘package:ape’:

    mst

Lade nötiges Paket: sp

Attache Paket: ‘raster’

Das folgende Objekt ist maskiert ‘package:dplyr’:

    select


Attache Paket: ‘rnaturalearthdata’

Das folgende Objekt ist maskiert ‘package:rnaturalearth’:

    countries110


Attache Paket: ‘ggpubr’

Das folgende Objekt ist maskiert ‘package:raster’:

    rotate

Das folgende Objekt ist maskiert ‘package:ape’:

    rotate

Lade nötiges Paket: permute
Lade nötiges Paket: lattice

Attache Paket: ‘lattice’

Das folgende Objekt ist maskiert ‘package:LEA’:

    barchart

This is vegan 2.6-6.1

Attache Paket: ‘cowplot’

Das folgende Objekt ist maskiert ‘package:ggpubr’:

    get_legend

corrplot 0.92 loaded
Lade nötiges Paket: fit.models
Lade nötiges Paket: terra
terra 1.7.46

Attache Paket: ‘terra’

Das folgende Objekt ist maskiert ‘package:ggpubr’:

    rotate

Die folgenden Objekte sind maskiert von ‘package:ape’:

    rotate, trans, zoom


Attache Paket: ‘corrr’

Das folgende Objekt ist maskiert ‘package:terra’:

    stretch

Das folgende Objekt ist maskiert ‘package:raster’:

    stretch

Welcome! Want to learn more? See two factoextra-related books at https://goo.gl/ve3WBa
── Attaching core tidyverse packages ──────────────────────── tidyverse 2.0.0 ──
✔ forcats   1.0.0     ✔ stringr   1.5.0
✔ lubridate 1.9.3     ✔ tibble    3.2.1
✔ purrr     1.0.2     ✔ tidyr     1.3.1
✔ readr     2.1.5     
── Conflicts ────────────────────────────────────────── tidyverse_conflicts() ──
✖ tidyr::extract()   masks terra::extract(), raster::extract()
✖ dplyr::filter()    masks stats::filter()
✖ dplyr::lag()       masks stats::lag()
✖ raster::select()   masks dplyr::select()
✖ lubridate::stamp() masks cowplot::stamp()
✖ tidyr::unite()     masks ggVennDiagram::unite()
✖ ape::where()       masks dplyr::where()
ℹ Use the conflicted package (<http://conflicted.r-lib.org/>) to force all conflicts to become errors

Attache Paket: ‘gridExtra’

Das folgende Objekt ist maskiert ‘package:dplyr’:

    combine

Warnmeldung:
In dir.create(outdir) :
  '/media/inter/ssteindl/FC/usecaserepo/SYNC0524/uc3-drosophola-genetics/projects/LandscapeGenomicsPipeline/FullDataRun/results/AllSNPs/RDA' existiert bereits
[1] "LOADING , ALLELE FREQUENCIES AND ANNOTATIONS"
[1] "Working with Allele Frequencies Means >=0.95 or <=0.05 "
[1] 298
[1] 144455
[1] "READING ENVIRONMENTAL DATA"
Warnmeldungen:
1: In lapply(Rclean, as.numeric) : NAs durch Umwandlung erzeugt
2: In lapply(Rclean, as.numeric) : NAs durch Umwandlung erzeugt
3: In lapply(Rclean, as.numeric) : NAs durch Umwandlung erzeugt
4: In lapply(Rclean, as.numeric) : NAs durch Umwandlung erzeugt
5: In lapply(Rclean, as.numeric) : NAs durch Umwandlung erzeugt
6: In lapply(Rclean, as.numeric) : NAs durch Umwandlung erzeugt
7: In lapply(Rclean, as.numeric) : NAs durch Umwandlung erzeugt
8: In lapply(Rclean, as.numeric) : NAs durch Umwandlung erzeugt
9: In lapply(Rclean, as.numeric) : NAs durch Umwandlung erzeugt
[1] "READING NULL VALUES DATA"
Warnmeldungen:
1: In lapply(Rclean, as.numeric) : NAs durch Umwandlung erzeugt
2: In lapply(Rclean, as.numeric) : NAs durch Umwandlung erzeugt
3: In lapply(Rclean, as.numeric) : NAs durch Umwandlung erzeugt
4: In lapply(Rclean, as.numeric) : NAs durch Umwandlung erzeugt
5: In lapply(Rclean, as.numeric) : NAs durch Umwandlung erzeugt
6: In lapply(Rclean, as.numeric) : NAs durch Umwandlung erzeugt
7: In lapply(Rclean, as.numeric) : NAs durch Umwandlung erzeugt
8: In lapply(Rclean, as.numeric) : NAs durch Umwandlung erzeugt
9: In lapply(Rclean, as.numeric) : NAs durch Umwandlung erzeugt
10: In lapply(Rclean, as.numeric) : NAs durch Umwandlung erzeugt
[1] "THESE FACTORS REMAIN"
 [1] "lat"                                                                          
 [2] "lon"                                                                          
 [3] "dominant_leaf_type_20m_dlt.0"                                                 
 [4] "forest_type_20m_ft.0"                                                         
 [5] "pest_h_Alfalfa_2_4_d.0"                                                       
 [6] "pest_l_Alfalfa_2_4_d.0"                                                       
 [7] "grassland_20m_grassland.0"                                                    
 [8] "near_surface_air_temperature_Gray.0"                                          
 [9] "tree_cover_density_20m_tcd.0"                                                 
[10] "water_and_wetness_20m_waw.0"                                                  
[11] "AvgTemperatureColorScaled_Red.0"                                              
[12] "ERA5_d2m.0"                                                                   
[13] "ERA5_sp.0"                                                                    
[14] "ERA5_ssrd.0"                                                                  
[15] "ERA5_t2m.0"                                                                   
[16] "ERA5_u10.0"                                                                   
[17] "ERA5_v10.0"                                                                   
[18] "ERA5_tp.0"                                                                    
[19] "S5p_L2_AER_AI_aerosol_index_335_367_global_Gray.0"                            
[20] "S5p_L2_AER_AI_aerosol_index_335_367_precision_global_Gray.0"                  
[21] "S5p_L2_AER_AI_aerosol_index_340_380_global_Gray.0"                            
[22] "S5p_L2_AER_AI_aerosol_index_340_380_precision_global_Gray.0"                  
[23] "S5p_L2_AER_AI_aerosol_index_354_388_global_Gray.0"                            
[24] "S5p_L2_AER_AI_aerosol_index_354_388_precision_global_Gray.0"                  
[25] "S5p_L2_AER_LH_aerosol_mid_height_global_Gray.0"                               
[26] "S5p_L2_AER_LH_aerosol_mid_height_precision_global_Gray.0"                     
[27] "S5p_L2_AER_LH_aerosol_mid_pressure_global_Gray.0"                             
[28] "S5p_L2_AER_LH_aerosol_mid_pressure_precision_global_Gray.0"                   
[29] "S5p_L2_CH4_methane_mixing_ratio_bias_corrected_global_Gray.0"                 
[30] "S5p_L2_CH4_methane_mixing_ratio_global_Gray.0"                                
[31] "S5p_L2_CH4_methane_mixing_ratio_precision_global_Gray.0"                      
[32] "S5p_L2_CLOUD_cloud_base_height_global_Gray.0"                                 
[33] "S5p_L2_CLOUD_cloud_base_height_precision_global_Gray.0"                       
[34] "S5p_L2_CLOUD_cloud_base_pressure_global_Gray.0"                               
[35] "S5p_L2_CLOUD_cloud_base_pressure_precision_global_Gray.0"                     
[36] "S5p_L2_CLOUD_cloud_fraction_global_Gray.0"                                    
[37] "S5p_L2_CLOUD_cloud_fraction_precision_global_Gray.0"                          
[38] "S5p_L2_CLOUD_cloud_optical_thickness_global_Gray.0"                           
[39] "S5p_L2_CLOUD_cloud_optical_thickness_precision_global_Gray.0"                 
[40] "S5p_L2_CLOUD_cloud_top_height_global_Gray.0"                                  
[41] "S5p_L2_CLOUD_cloud_top_height_precision_global_Gray.0"                        
[42] "S5p_L2_CLOUD_cloud_top_pressure_global_Gray.0"                                
[43] "S5p_L2_CLOUD_cloud_top_pressure_precision_global_Gray.0"                      
[44] "S5p_L2_CO_CO_total_column_corrected_global_Gray.0"                            
[45] "S5p_L2_CO_CO_total_column_global_Gray.0"                                      
[46] "S5p_L2_CO_CO_total_column_precision_global_Gray.0"                            
[47] "S5p_L2_HCHO_formaldehyde_tropospheric_vertical_column_global_Gray.0"          
[48] "S5p_L2_HCHO_formaldehyde_tropospheric_vertical_column_precision_global_Gray.0"
[49] "S5p_L2_NO2_air_mass_factor_total_global_Gray.0"                               
[50] "S5p_L2_NO2_air_mass_factor_troposphere_global_Gray.0"                         
[51] "S5p_L2_NO2_nitrogendioxide_tropospheric_column_global_Gray.0"                 
[52] "S5p_L2_NO2_nitrogendioxide_tropospheric_column_precision_global_Gray.0"       
[53] "S5p_L2_NO2_nitrogendioxide_tropospheric_column_precision_kernel_global_Gray.0"
[54] "S5p_L2_O3_ozone_total_vertical_column_global_Gray.0"                          
[55] "S5p_L2_O3_ozone_total_vertical_column_precision_global_Gray.0"                
[56] "S5p_L2_SO2_sulfurdioxide_total_vertical_column_global_Gray.0"                 
[57] "S5p_L2_SO2_sulfurdioxide_total_vertical_column_precision_global_Gray.0"       
[58] "TotalPrecipitation_tp.0"                                                      
[1] "SCALING AND CENTERING"
[1] "FIRST PCA"
[1] "ANALYSING ENVIRONMENTAL DATA COMPOSITION"
[1] 344
[1] 342
[1] "PERFORMING RDA0"
[1] "PREPARING RDA NEUTRAL"
[1] "PERFORMING RDA NEUTRAL"
Fehler in svd(Y) : eine Dimension ist 0
Ruft auf: rda -> rda.default -> ordConstrained -> ordResid -> svd
Ausführung angehalten
