Running BayPass Version 2.3 with the following command line:
/media/inter/ssteindl/DEST/LanGen/baypass_2.3/sources/g_baypass -npop 8 data/samplenames.csv -gfile results/2L/BAYPASS/baypass.geno -efile results/2L/BAYPASS/covariates.csv -outprefix results/2L/BAYPASS//BayPass -poolsizefile results/2L/BAYPASS//size.pool

!!!!!!!!!!!!!!!!!!!!!!!!!!!!!!!!!!!!!!
        Size of the data set 
!!!!!!!!!!!!!!!!!!!!!!!!!!!!!!!!!!!!!!

 No of Markers                      =     10000
 No of Populations                  =         8
 Genotype File name                 =    results/2L/BAYPASS/baypass.geno

!!!!!!!!!!!!!!!!!!!!!!!!!!!!!!!!!!!!!!
        Model Specifications
!!!!!!!!!!!!!!!!!!!!!!!!!!!!!!!!!!!!!!

 -> POOLSEQ MODE with pool sizes:    40    40    40    40    40    40    62    44

  -> IS Covariate Mode with  10 covariates (i.e. BF and Beta coef will be estimated using an Importance Sampling algorithm):
  (*) Omega matrix is estimated with prior inv(Omega) ~ Wish_npop((1/rho)Id_npop,rho)  with rho=     1
  (*) Parameters from the Pi prior dist. will be estimated
  (*) Outlier detection: XtX stat. for each SNP        
  (*) Prior on Beta coef is U( -0.3000,  0.3000)
  (*) IS estimates are approximate on the grid with  201 points uniformly distributed over the ( -0.3000,  0.3000) interval

!!!!!!!!!!!!!!!!!!!!!!!!!!!!!!!!!!!!!!
           MCMC specifications
!!!!!!!!!!!!!!!!!!!!!!!!!!!!!!!!!!!!!!


 Nb. of sampled parameter values       =    1000
 Thinning Rate                         =      20
 Burn in Period Length                 =    5000
 Max Number of Pilot runs              =      20
 Pilot run Length                      =     500

 Init. deltas for Pi proposals          = 0.5000
 Coop Pij proposal with init. sig. for Pi. multivariate prop.          =  0.0500
 Pilot Run Adj. Factor Pilot            =  1.25
 Targeted Rej./Acc. rates              =  0.25-0.40
 R.N.G. seed                            =    5001

!!!!!!!!!!!!!!!!!!!!!!!!!!!!!!!!!!!!!!
        COVARIATE DATA
!!!!!!!!!!!!!!!!!!!!!!!!!!!!!!!!!!!!!!

Cov:   1  (Mean =     47.9409  ; SD =      0.6999)
Cov:   2  (Mean =     15.2495  ; SD =      1.1315)
Cov:   3  (Mean =     14.8750  ; SD =      8.0256)
Cov:   4  (Mean =     14.8750  ; SD =      8.0256)
Cov:   5  (Mean =      8.5000  ; SD =      1.3093)
Cov:   6  (Mean =      8.5000  ; SD =      1.3093)
Cov:   7  (Mean =   2014.0000  ; SD =      1.4142)
Cov:   8  (Mean =    242.3750  ; SD =     42.5842)
Cov:   9  (Mean =      1.0000  ; SD =      0.0000)
Cov:  10  (Mean =     43.2500  ; SD =      7.7044)

!!!!!!!!!!!!!!!!!!!!!!!!!!!!!!!!!!!!!!
        COUNT DATA
!!!!!!!!!!!!!!!!!!!!!!!!!!!!!!!!!!!!!!

First SNP ref. Allele count    42   56   43   34   51   44   36   49
First SNP total Gene count     42   58   43   34   51   44   39   51
Last  SNP ref. Allele count    10   54    7    7   18   26   27   47
Last  SNP total Gene count     10   54    7    7   18   26   27   47

!!!!!!!!!!!!!!!!!!!!!!!!!!!!!!!!!!!!!!
        PILOT RUNS
!!!!!!!!!!!!!!!!!!!!!!!!!!!!!!!!!!!!!!

Initial Values:
Yij min         =        0.0  Yij max         =       62.0  Average Yij     =       38.7
Pij min         =      0.01562  Pij max         =      0.98438  Average Pij     =      0.87664
Pij_til min     =     -1.19565  Pij_til max     =      0.87349  Average Pij_til =     -0.00000
PI min          =      0.02253  PI max          =      0.97747  Average PI      =      0.87664
Pi_beta_params values       1.77100      0.24922

!!!!!!!!!!!!!!!!!!!
## PILOT RUN:    1
!!!!!!!!!!!!!!!!!!!

i)   Node Values:
Yij min         =        0.0  Yij max         =       62.0  Average Yij     =       38.6
Pij min         =     -0.14530  Pij max         =      1.22965  Average Pij     =      0.89606
Pij_til min     =     -0.97625  Pij_til max     =      1.17777  Average Pij_til =      0.05773
PI min          =      0.00718  PI max          =      0.99976  Average PI      =      0.88732
Pi_beta_params values       2.78798      0.41920

ii)  Acceptance Rates (before adjustment):
  Acceptance Rate not achieved for     69544   out of     80000   y
  Acceptance Rate not achieved for      8986   out of     10000   p_ij vectors
  Acceptance Rate not achieved for     10000   out of     10000   pi
      Mean Acceptance Rate Y  =  0.25069   mean delta_y=     1.3
      Mean Acceptance Rate Pij  =  0.58215   mean delta_p=  0.06119
      Mean Acceptance Rate Pi   =  0.07703   mean delta_pi=  0.40000
      Mean Acceptance Rate b_mu =  0.08400        delta  =  0.04000
      Mean Acceptance Rate b_phi=  0.02000        delta  =  0.80000

iii) Running Time            :  0 d  0 h  0 min 18 sec
     Estimated Remaining Time:  0 d  0 h 21 min 33 sec

!!!!!!!!!!!!!!!!!!!
## PILOT RUN:    2
!!!!!!!!!!!!!!!!!!!

i)   Node Values:
Yij min         =        0.0  Yij max         =       62.0  Average Yij     =       38.6
Pij min         =     -0.20697  Pij max         =      1.29501  Average Pij     =      0.89919
Pij_til min     =     -1.30216  Pij_til max     =      1.44303  Average Pij_til =      0.05326
PI min          =      0.01085  PI max          =      0.99978  Average PI      =      0.89161
Pi_beta_params values       2.86226      0.41353

ii)  Acceptance Rates (before adjustment):
  Acceptance Rate not achieved for     70392   out of     80000   y
  Acceptance Rate not achieved for      6630   out of     10000   p_ij vectors
  Acceptance Rate not achieved for      8607   out of     10000   pi
      Mean Acceptance Rate Y  =  0.24775   mean delta_y=     1.6
      Mean Acceptance Rate Pij  =  0.48376   mean delta_p=  0.07001
      Mean Acceptance Rate Pi   =  0.13255   mean delta_pi=  0.33114
      Mean Acceptance Rate b_mu =  0.12600        delta  =  0.03200
      Mean Acceptance Rate b_phi=  0.02000        delta  =  0.64000

iii) Running Time            :  0 d  0 h  0 min 37 sec
     Estimated Remaining Time:  0 d  0 h 21 min 24 sec

!!!!!!!!!!!!!!!!!!!
## PILOT RUN:    3
!!!!!!!!!!!!!!!!!!!

i)   Node Values:
Yij min         =        0.0  Yij max         =       62.0  Average Yij     =       38.6
Pij min         =     -0.35327  Pij max         =      1.30605  Average Pij     =      0.90054
Pij_til min     =     -1.47524  Pij_til max     =      1.29311  Average Pij_til =      0.05855
PI min          =      0.03884  PI max          =      0.99980  Average PI      =      0.89184
Pi_beta_params values       2.85952      0.41385

ii)  Acceptance Rates (before adjustment):
  Acceptance Rate not achieved for     67806   out of     80000   y
  Acceptance Rate not achieved for      5966   out of     10000   p_ij vectors
  Acceptance Rate not achieved for      7306   out of     10000   pi
      Mean Acceptance Rate Y  =  0.22964   mean delta_y=     1.9
      Mean Acceptance Rate Pij  =  0.41930   mean delta_p=  0.07658
      Mean Acceptance Rate Pi   =  0.17402   mean delta_pi=  0.28490
      Mean Acceptance Rate b_mu =  0.13600        delta  =  0.02560
      Mean Acceptance Rate b_phi=  0.04000        delta  =  0.51200

iii) Running Time            :  0 d  0 h  0 min 56 sec
     Estimated Remaining Time:  0 d  0 h 21 min 12 sec

!!!!!!!!!!!!!!!!!!!
## PILOT RUN:    4
!!!!!!!!!!!!!!!!!!!

i)   Node Values:
Yij min         =        0.0  Yij max         =       62.0  Average Yij     =       38.6
Pij min         =     -0.25605  Pij max         =      1.28286  Average Pij     =      0.90044
Pij_til min     =     -1.35096  Pij_til max     =      1.26076  Average Pij_til =      0.05102
PI min          =      0.03335  PI max          =      0.99988  Average PI      =      0.89311
Pi_beta_params values       3.13181      0.41918

ii)  Acceptance Rates (before adjustment):
  Acceptance Rate not achieved for     64026   out of     80000   y
  Acceptance Rate not achieved for      5475   out of     10000   p_ij vectors
  Acceptance Rate not achieved for      6876   out of     10000   pi
      Mean Acceptance Rate Y  =  0.21695   mean delta_y=     2.1
      Mean Acceptance Rate Pij  =  0.39280   mean delta_p=  0.08321
      Mean Acceptance Rate Pi   =  0.18944   mean delta_pi=  0.24952
      Mean Acceptance Rate b_mu =  0.15000        delta  =  0.02048
      Mean Acceptance Rate b_phi=  0.04600        delta  =  0.40960

iii) Running Time            :  0 d  0 h  1 min 16 sec
     Estimated Remaining Time:  0 d  0 h 20 min 59 sec

!!!!!!!!!!!!!!!!!!!
## PILOT RUN:    5
!!!!!!!!!!!!!!!!!!!

i)   Node Values:
Yij min         =        0.0  Yij max         =       62.0  Average Yij     =       38.6
Pij min         =     -0.22816  Pij max         =      1.31394  Average Pij     =      0.89977
Pij_til min     =     -1.40790  Pij_til max     =      1.30344  Average Pij_til =      0.04982
PI min          =      0.01692  PI max          =      0.99988  Average PI      =      0.89261
Pi_beta_params values       2.86074      0.40052

ii)  Acceptance Rates (before adjustment):
  Acceptance Rate not achieved for     59447   out of     80000   y
  Acceptance Rate not achieved for      5217   out of     10000   p_ij vectors
  Acceptance Rate not achieved for      6596   out of     10000   pi
      Mean Acceptance Rate Y  =  0.20695   mean delta_y=     2.2
      Mean Acceptance Rate Pij  =  0.36894   mean delta_p=  0.08982
      Mean Acceptance Rate Pi   =  0.19725   mean delta_pi=  0.22145
      Mean Acceptance Rate b_mu =  0.20800        delta  =  0.01638
      Mean Acceptance Rate b_phi=  0.05200        delta  =  0.32768

iii) Running Time            :  0 d  0 h  1 min 35 sec
     Estimated Remaining Time:  0 d  0 h 20 min 45 sec

!!!!!!!!!!!!!!!!!!!
## PILOT RUN:    6
!!!!!!!!!!!!!!!!!!!

i)   Node Values:
Yij min         =        0.0  Yij max         =       62.0  Average Yij     =       38.6
Pij min         =     -0.31146  Pij max         =      1.27074  Average Pij     =      0.90060
Pij_til min     =     -1.48645  Pij_til max     =      1.26297  Average Pij_til =      0.04596
PI min          =      0.01195  PI max          =      0.99985  Average PI      =      0.89572
Pi_beta_params values       3.24398      0.41751

ii)  Acceptance Rates (before adjustment):
  Acceptance Rate not achieved for     55735   out of     80000   y
  Acceptance Rate not achieved for      4486   out of     10000   p_ij vectors
  Acceptance Rate not achieved for      6052   out of     10000   pi
      Mean Acceptance Rate Y  =  0.19675   mean delta_y=     2.3
      Mean Acceptance Rate Pij  =  0.33420   mean delta_p=  0.09409
      Mean Acceptance Rate Pi   =  0.24616   mean delta_pi=  0.21149
      Mean Acceptance Rate b_mu =  0.23000        delta  =  0.01311
      Mean Acceptance Rate b_phi=  0.06200        delta  =  0.26214

iii) Running Time            :  0 d  0 h  1 min 55 sec
     Estimated Remaining Time:  0 d  0 h 20 min 29 sec

!!!!!!!!!!!!!!!!!!!
## PILOT RUN:    7
!!!!!!!!!!!!!!!!!!!

i)   Node Values:
Yij min         =        0.0  Yij max         =       62.0  Average Yij     =       38.6
Pij min         =     -0.19176  Pij max         =      1.28162  Average Pij     =      0.89931
Pij_til min     =     -1.30930  Pij_til max     =      1.35250  Average Pij_til =      0.03987
PI min          =      0.02110  PI max          =      0.99989  Average PI      =      0.89469
Pi_beta_params values       2.99242      0.40195

ii)  Acceptance Rates (before adjustment):
  Acceptance Rate not achieved for     53164   out of     80000   y
  Acceptance Rate not achieved for      3758   out of     10000   p_ij vectors
  Acceptance Rate not achieved for      5296   out of     10000   pi
      Mean Acceptance Rate Y  =  0.19436   mean delta_y=     2.4
      Mean Acceptance Rate Pij  =  0.33453   mean delta_p=  0.09672
      Mean Acceptance Rate Pi   =  0.23200   mean delta_pi=  0.19651
      Mean Acceptance Rate b_mu =  0.30000        delta  =  0.01311
      Mean Acceptance Rate b_phi=  0.08200        delta  =  0.20972

iii) Running Time            :  0 d  0 h  2 min 14 sec
     Estimated Remaining Time:  0 d  0 h 20 min 13 sec

!!!!!!!!!!!!!!!!!!!
## PILOT RUN:    8
!!!!!!!!!!!!!!!!!!!

i)   Node Values:
Yij min         =        0.0  Yij max         =       62.0  Average Yij     =       38.6
Pij min         =     -0.17477  Pij max         =      1.25348  Average Pij     =      0.89888
Pij_til min     =     -1.06314  Pij_til max     =      1.24314  Average Pij_til =      0.03595
PI min          =      0.03646  PI max          =      0.99988  Average PI      =      0.89512
Pi_beta_params values       2.92513      0.39455

ii)  Acceptance Rates (before adjustment):
  Acceptance Rate not achieved for     51737   out of     80000   y
  Acceptance Rate not achieved for      3496   out of     10000   p_ij vectors
  Acceptance Rate not achieved for      4852   out of     10000   pi
      Mean Acceptance Rate Y  =  0.19100   mean delta_y=     2.5
      Mean Acceptance Rate Pij  =  0.32749   mean delta_p=  0.09782
      Mean Acceptance Rate Pi   =  0.24176   mean delta_pi=  0.18489
      Mean Acceptance Rate b_mu =  0.31200        delta  =  0.01311
      Mean Acceptance Rate b_phi=  0.06200        delta  =  0.16777

iii) Running Time            :  0 d  0 h  2 min 34 sec
     Estimated Remaining Time:  0 d  0 h 19 min 56 sec

!!!!!!!!!!!!!!!!!!!
## PILOT RUN:    9
!!!!!!!!!!!!!!!!!!!

i)   Node Values:
Yij min         =        0.0  Yij max         =       62.0  Average Yij     =       38.6
Pij min         =     -0.26719  Pij max         =      1.29098  Average Pij     =      0.89964
Pij_til min     =     -1.17447  Pij_til max     =      1.50043  Average Pij_til =      0.03766
PI min          =      0.02650  PI max          =      0.99988  Average PI      =      0.89607
Pi_beta_params values       2.95437      0.39690

ii)  Acceptance Rates (before adjustment):
  Acceptance Rate not achieved for     50976   out of     80000   y
  Acceptance Rate not achieved for      3224   out of     10000   p_ij vectors
  Acceptance Rate not achieved for      4417   out of     10000   pi
      Mean Acceptance Rate Y  =  0.18690   mean delta_y=     2.5
      Mean Acceptance Rate Pij  =  0.31295   mean delta_p=  0.09693
      Mean Acceptance Rate Pi   =  0.27446   mean delta_pi=  0.18002
      Mean Acceptance Rate b_mu =  0.29200        delta  =  0.01311
      Mean Acceptance Rate b_phi=  0.10000        delta  =  0.13422

iii) Running Time            :  0 d  0 h  2 min 53 sec
     Estimated Remaining Time:  0 d  0 h 19 min 38 sec

!!!!!!!!!!!!!!!!!!!
## PILOT RUN:   10
!!!!!!!!!!!!!!!!!!!

i)   Node Values:
Yij min         =        0.0  Yij max         =       62.0  Average Yij     =       38.6
Pij min         =     -0.22859  Pij max         =      1.25334  Average Pij     =      0.89839
Pij_til min     =     -1.25162  Pij_til max     =      1.13710  Average Pij_til =      0.03288
PI min          =      0.01534  PI max          =      0.99989  Average PI      =      0.89545
Pi_beta_params values       2.86549      0.39313

ii)  Acceptance Rates (before adjustment):
  Acceptance Rate not achieved for     50152   out of     80000   y
  Acceptance Rate not achieved for      3326   out of     10000   p_ij vectors
  Acceptance Rate not achieved for      3984   out of     10000   pi
      Mean Acceptance Rate Y  =  0.18633   mean delta_y=     2.5
      Mean Acceptance Rate Pij  =  0.32502   mean delta_p=  0.09745
      Mean Acceptance Rate Pi   =  0.27137   mean delta_pi=  0.17413
      Mean Acceptance Rate b_mu =  0.30800        delta  =  0.01311
      Mean Acceptance Rate b_phi=  0.14000        delta  =  0.10737

iii) Running Time            :  0 d  0 h  3 min 13 sec
     Estimated Remaining Time:  0 d  0 h 19 min 20 sec

!!!!!!!!!!!!!!!!!!!
## PILOT RUN:   11
!!!!!!!!!!!!!!!!!!!

i)   Node Values:
Yij min         =        0.0  Yij max         =       62.0  Average Yij     =       38.6
Pij min         =     -0.22068  Pij max         =      1.24119  Average Pij     =      0.89869
Pij_til min     =     -1.22189  Pij_til max     =      1.25071  Average Pij_til =      0.03345
PI min          =      0.02287  PI max          =      0.99988  Average PI      =      0.89578
Pi_beta_params values       2.75792      0.37566

ii)  Acceptance Rates (before adjustment):
  Acceptance Rate not achieved for     49542   out of     80000   y
  Acceptance Rate not achieved for      3240   out of     10000   p_ij vectors
  Acceptance Rate not achieved for      3720   out of     10000   pi
      Mean Acceptance Rate Y  =  0.18526   mean delta_y=     2.6
      Mean Acceptance Rate Pij  =  0.32269   mean delta_p=  0.09749
      Mean Acceptance Rate Pi   =  0.28208   mean delta_pi=  0.16997
      Mean Acceptance Rate b_mu =  0.30400        delta  =  0.01311
      Mean Acceptance Rate b_phi=  0.15800        delta  =  0.08590

iii) Running Time            :  0 d  0 h  3 min 32 sec
     Estimated Remaining Time:  0 d  0 h 19 min  1 sec

!!!!!!!!!!!!!!!!!!!
## PILOT RUN:   12
!!!!!!!!!!!!!!!!!!!

i)   Node Values:
Yij min         =        0.0  Yij max         =       62.0  Average Yij     =       38.6
Pij min         =     -0.18230  Pij max         =      1.27653  Average Pij     =      0.89903
Pij_til min     =     -1.16335  Pij_til max     =      1.49092  Average Pij_til =      0.03454
PI min          =      0.00604  PI max          =      0.99988  Average PI      =      0.89540
Pi_beta_params values       2.85937      0.37678

ii)  Acceptance Rates (before adjustment):
  Acceptance Rate not achieved for     49318   out of     80000   y
  Acceptance Rate not achieved for      3268   out of     10000   p_ij vectors
  Acceptance Rate not achieved for      3663   out of     10000   pi
      Mean Acceptance Rate Y  =  0.18328   mean delta_y=     2.6
      Mean Acceptance Rate Pij  =  0.31744   mean delta_p=  0.09676
      Mean Acceptance Rate Pi   =  0.30478   mean delta_pi=  0.16907
      Mean Acceptance Rate b_mu =  0.29600        delta  =  0.01311
      Mean Acceptance Rate b_phi=  0.18600        delta  =  0.06872

iii) Running Time            :  0 d  0 h  3 min 52 sec
     Estimated Remaining Time:  0 d  0 h 18 min 43 sec

!!!!!!!!!!!!!!!!!!!
## PILOT RUN:   13
!!!!!!!!!!!!!!!!!!!

i)   Node Values:
Yij min         =        0.0  Yij max         =       62.0  Average Yij     =       38.6
Pij min         =     -0.18286  Pij max         =      1.22646  Average Pij     =      0.89808
Pij_til min     =     -1.15272  Pij_til max     =      1.10722  Average Pij_til =      0.03033
PI min          =      0.01526  PI max          =      0.99988  Average PI      =      0.89529
Pi_beta_params values       2.84626      0.38280

ii)  Acceptance Rates (before adjustment):
  Acceptance Rate not achieved for     49048   out of     80000   y
  Acceptance Rate not achieved for      3127   out of     10000   p_ij vectors
  Acceptance Rate not achieved for      3342   out of     10000   pi
      Mean Acceptance Rate Y  =  0.18275   mean delta_y=     2.6
      Mean Acceptance Rate Pij  =  0.32491   mean delta_p=  0.09696
      Mean Acceptance Rate Pi   =  0.29672   mean delta_pi=  0.16671
      Mean Acceptance Rate b_mu =  0.29000        delta  =  0.01311
      Mean Acceptance Rate b_phi=  0.21200        delta  =  0.05498

iii) Running Time            :  0 d  0 h  4 min 11 sec
     Estimated Remaining Time:  0 d  0 h 18 min 24 sec

!!!!!!!!!!!!!!!!!!!
## PILOT RUN:   14
!!!!!!!!!!!!!!!!!!!

i)   Node Values:
Yij min         =        0.0  Yij max         =       62.0  Average Yij     =       38.6
Pij min         =     -0.14961  Pij max         =      1.20330  Average Pij     =      0.89804
Pij_til min     =     -1.17711  Pij_til max     =      1.11772  Average Pij_til =      0.03085
PI min          =      0.01402  PI max          =      0.99987  Average PI      =      0.89513
Pi_beta_params values       2.84785      0.38507

ii)  Acceptance Rates (before adjustment):
  Acceptance Rate not achieved for     48943   out of     80000   y
  Acceptance Rate not achieved for      3125   out of     10000   p_ij vectors
  Acceptance Rate not achieved for      3316   out of     10000   pi
      Mean Acceptance Rate Y  =  0.18327   mean delta_y=     2.6
      Mean Acceptance Rate Pij  =  0.32718   mean delta_p=  0.09736
      Mean Acceptance Rate Pi   =  0.30021   mean delta_pi=  0.16457
      Mean Acceptance Rate b_mu =  0.31000        delta  =  0.01311
      Mean Acceptance Rate b_phi=  0.28800        delta  =  0.05498

iii) Running Time            :  0 d  0 h  4 min 31 sec
     Estimated Remaining Time:  0 d  0 h 18 min  5 sec

!!!!!!!!!!!!!!!!!!!
## PILOT RUN:   15
!!!!!!!!!!!!!!!!!!!

i)   Node Values:
Yij min         =        0.0  Yij max         =       62.0  Average Yij     =       38.6
Pij min         =     -0.20853  Pij max         =      1.20136  Average Pij     =      0.89773
Pij_til min     =     -1.14400  Pij_til max     =      1.18927  Average Pij_til =      0.03225
PI min          =      0.00254  PI max          =      0.99989  Average PI      =      0.89419
Pi_beta_params values       2.72875      0.37466

ii)  Acceptance Rates (before adjustment):
  Acceptance Rate not achieved for     48812   out of     80000   y
  Acceptance Rate not achieved for      3092   out of     10000   p_ij vectors
  Acceptance Rate not achieved for      3369   out of     10000   pi
      Mean Acceptance Rate Y  =  0.18122   mean delta_y=     2.6
      Mean Acceptance Rate Pij  =  0.31870   mean delta_p=  0.09686
      Mean Acceptance Rate Pi   =  0.30946   mean delta_pi=  0.16359
      Mean Acceptance Rate b_mu =  0.26400        delta  =  0.01311
      Mean Acceptance Rate b_phi=  0.26600        delta  =  0.05498

iii) Running Time            :  0 d  0 h  4 min 51 sec
     Estimated Remaining Time:  0 d  0 h 17 min 47 sec

!!!!!!!!!!!!!!!!!!!
## PILOT RUN:   16
!!!!!!!!!!!!!!!!!!!

i)   Node Values:
Yij min         =        0.0  Yij max         =       62.0  Average Yij     =       38.6
Pij min         =     -0.19224  Pij max         =      1.20115  Average Pij     =      0.89783
Pij_til min     =     -1.19436  Pij_til max     =      1.15427  Average Pij_til =      0.02991
PI min          =      0.01573  PI max          =      0.99990  Average PI      =      0.89539
Pi_beta_params values       2.82660      0.37932

ii)  Acceptance Rates (before adjustment):
  Acceptance Rate not achieved for     48684   out of     80000   y
  Acceptance Rate not achieved for      3138   out of     10000   p_ij vectors
  Acceptance Rate not achieved for      3261   out of     10000   pi
      Mean Acceptance Rate Y  =  0.18154   mean delta_y=     2.6
      Mean Acceptance Rate Pij  =  0.32644   mean delta_p=  0.09705
      Mean Acceptance Rate Pi   =  0.31011   mean delta_pi=  0.16237
      Mean Acceptance Rate b_mu =  0.28800        delta  =  0.01311
      Mean Acceptance Rate b_phi=  0.28000        delta  =  0.05498

iii) Running Time            :  0 d  0 h  5 min 10 sec
     Estimated Remaining Time:  0 d  0 h 17 min 28 sec

!!!!!!!!!!!!!!!!!!!
## PILOT RUN:   17
!!!!!!!!!!!!!!!!!!!

i)   Node Values:
Yij min         =        0.0  Yij max         =       62.0  Average Yij     =       38.6
Pij min         =     -0.18987  Pij max         =      1.18446  Average Pij     =      0.89793
Pij_til min     =     -1.11534  Pij_til max     =      1.19104  Average Pij_til =      0.03058
PI min          =      0.01957  PI max          =      0.99990  Average PI      =      0.89551
Pi_beta_params values       2.77699      0.37182

ii)  Acceptance Rates (before adjustment):
  Acceptance Rate not achieved for     48730   out of     80000   y
  Acceptance Rate not achieved for      3267   out of     10000   p_ij vectors
  Acceptance Rate not achieved for      3335   out of     10000   pi
      Mean Acceptance Rate Y  =  0.18025   mean delta_y=     2.7
      Mean Acceptance Rate Pij  =  0.32218   mean delta_p=  0.09680
      Mean Acceptance Rate Pi   =  0.32062   mean delta_pi=  0.16230
      Mean Acceptance Rate b_mu =  0.30600        delta  =  0.01311
      Mean Acceptance Rate b_phi=  0.25200        delta  =  0.05498

iii) Running Time            :  0 d  0 h  5 min 30 sec
     Estimated Remaining Time:  0 d  0 h 17 min  9 sec

!!!!!!!!!!!!!!!!!!!
## PILOT RUN:   18
!!!!!!!!!!!!!!!!!!!

i)   Node Values:
Yij min         =        0.0  Yij max         =       62.0  Average Yij     =       38.6
Pij min         =     -0.13822  Pij max         =      1.24937  Average Pij     =      0.89802
Pij_til min     =     -1.30537  Pij_til max     =      1.23517  Average Pij_til =      0.02410
PI min          =      0.00411  PI max          =      0.99990  Average PI      =      0.89645
Pi_beta_params values       2.74149      0.36532

ii)  Acceptance Rates (before adjustment):
  Acceptance Rate not achieved for     48564   out of     80000   y
  Acceptance Rate not achieved for      3150   out of     10000   p_ij vectors
  Acceptance Rate not achieved for      3253   out of     10000   pi
      Mean Acceptance Rate Y  =  0.18054   mean delta_y=     2.7
      Mean Acceptance Rate Pij  =  0.32548   mean delta_p=  0.09688
      Mean Acceptance Rate Pi   =  0.31350   mean delta_pi=  0.16121
      Mean Acceptance Rate b_mu =  0.31800        delta  =  0.01311
      Mean Acceptance Rate b_phi=  0.28000        delta  =  0.05498

iii) Running Time            :  0 d  0 h  5 min 49 sec
     Estimated Remaining Time:  0 d  0 h 16 min 50 sec

!!!!!!!!!!!!!!!!!!!
## PILOT RUN:   19
!!!!!!!!!!!!!!!!!!!

i)   Node Values:
Yij min         =        0.0  Yij max         =       62.0  Average Yij     =       38.6
Pij min         =     -0.17479  Pij max         =      1.23465  Average Pij     =      0.89757
Pij_til min     =     -1.04509  Pij_til max     =      1.18642  Average Pij_til =      0.02883
PI min          =      0.00419  PI max          =      0.99990  Average PI      =      0.89524
Pi_beta_params values       2.74304      0.36932

ii)  Acceptance Rates (before adjustment):
  Acceptance Rate not achieved for     48606   out of     80000   y
  Acceptance Rate not achieved for      3140   out of     10000   p_ij vectors
  Acceptance Rate not achieved for      3325   out of     10000   pi
      Mean Acceptance Rate Y  =  0.17907   mean delta_y=     2.7
      Mean Acceptance Rate Pij  =  0.31950   mean delta_p=  0.09631
      Mean Acceptance Rate Pi   =  0.33115   mean delta_pi=  0.16241
      Mean Acceptance Rate b_mu =  0.25200        delta  =  0.01311
      Mean Acceptance Rate b_phi=  0.26800        delta  =  0.05498

iii) Running Time            :  0 d  0 h  6 min  9 sec
     Estimated Remaining Time:  0 d  0 h 16 min 31 sec

!!!!!!!!!!!!!!!!!!!
## PILOT RUN:   20
!!!!!!!!!!!!!!!!!!!

i)   Node Values:
Yij min         =        0.0  Yij max         =       62.0  Average Yij     =       38.6
Pij min         =     -0.13347  Pij max         =      1.23235  Average Pij     =      0.89724
Pij_til min     =     -1.24045  Pij_til max     =      1.10530  Average Pij_til =      0.02617
PI min          =      0.01651  PI max          =      0.99989  Average PI      =      0.89493
Pi_beta_params values       2.63371      0.35953

ii)  Acceptance Rates (before adjustment):
  Acceptance Rate not achieved for     48305   out of     80000   y
  Acceptance Rate not achieved for      3265   out of     10000   p_ij vectors
  Acceptance Rate not achieved for      3205   out of     10000   pi
      Mean Acceptance Rate Y  =  0.18133   mean delta_y=     2.7
      Mean Acceptance Rate Pij  =  0.33447   mean delta_p=  0.09731
      Mean Acceptance Rate Pi   =  0.30920   mean delta_pi=  0.16088
      Mean Acceptance Rate b_mu =  0.30800        delta  =  0.01311
      Mean Acceptance Rate b_phi=  0.27400        delta  =  0.05498

iii) Running Time            :  0 d  0 h  6 min 28 sec
     Estimated Remaining Time:  0 d  0 h 16 min 12 sec

!!!!!!!!!!!!!!!!!!!!!!!!!!!!!!!!!!!!!!
        BURN-IN
!!!!!!!!!!!!!!!!!!!!!!!!!!!!!!!!!!!!!!


Node Values:
Yij min         =        0.0  Yij max         =       62.0  Average Yij     =       38.6
Pij min         =     -0.25683  Pij max         =      1.34631  Average Pij     =      0.90221
Pij_til min     =     -1.55384  Pij_til max     =      1.49968  Average Pij_til =      0.01292
PI min          =      0.03993  PI max          =      0.99990  Average PI      =      0.90153
Pi_beta_params values       3.21272      0.38740

Running Time            :  0 d  0 h  9 min 41 sec
Estimated Remaining Time:  0 d  0 h 12 min 55 sec

!!!!!!!!!!!!!!!!!!!!!!!!!!!!!!!!!!!!!!
        MCMC CHAIN
!!!!!!!!!!!!!!!!!!!!!!!!!!!!!!!!!!!!!!

      Mean Final Acceptance Rate Y  =  0.16256   mean delta_y=     2.7
      Mean Final Acceptance Rate Pij  =  0.21814   mean delta_pij=  0.09731
      Mean Final Acceptance Rate Pi   =  0.43225   mean delta_pi=  0.16088
      Mean Final Acceptance Rate b_mu =  0.23440        delta  =  0.01311
      Mean Final Acceptance Rate b_phi=  0.25110        delta  =  0.05498

Analysis completed in  0 d  0 h 29 min  3 sec
