 I J M_lda_ij SD_lda_ij M_omega_ij SD_omega_ij
    1     1     88.64261063      7.42475851      0.11616274      0.00786964
    1     2    -35.69168053      4.53187090      0.11024741      0.00769045
    1     3    -17.64804179      4.18435032      0.10056794      0.00611093
    1     4    -16.40077499      4.65485493      0.10230970      0.00737741
    1     5      5.95094631      4.30602079      0.11126837      0.00739954
    1     6     -5.60274131      4.20974742      0.11599640      0.00705515
    1     7     -6.91173174      3.42236575      0.11804820      0.00831046
    1     8     -9.02151049      3.86861905      0.12043272      0.00861094
    2     1    -35.69168053      4.53187090      0.11024741      0.00769045
    2     2    111.04728994      6.92992205      0.12074392      0.00812558
    2     3     -0.71343002      4.52792534      0.10233957      0.00629628
    2     4     -0.84979763      4.98889857      0.10411287      0.00743207
    2     5    -25.56239285      5.43379062      0.11711261      0.00761797
    2     6    -23.44376836      4.60239808      0.12158258      0.00747437
    2     7    -10.67870337      3.97537760      0.12186172      0.00884399
    2     8     -9.20386503      3.83502524      0.12438368      0.00918688
    3     1    -17.64804179      4.18435032      0.10056794      0.00611093
    3     2     -0.71343002      4.52792534      0.10233957      0.00629628
    3     3    107.53369896      9.38900760      0.11071486      0.00545675
    3     4    -51.76312370      7.04994025      0.10535565      0.00610619
    3     5    -26.74003278      6.10266332      0.11323197      0.00617607
    3     6    -11.72559484      5.97916895      0.11533744      0.00575117
    3     7      3.20419172      4.59168285      0.09976299      0.00665207
    3     8      4.66101287      4.34473584      0.10170788      0.00693702
    4     1    -16.40077499      4.65485493      0.10230970      0.00737741
    4     2     -0.84979763      4.98889857      0.10411287      0.00743207
    4     3    -51.76312370      7.04994025      0.10535565      0.00610619
    4     4    106.57722962     10.70256546      0.11302434      0.00796136
    4     5    -19.19707808      6.51411957      0.11428587      0.00733961
    4     6    -15.62980937      4.93379076      0.11689534      0.00689720
    4     7     -3.08733695      3.79064207      0.10340105      0.00826675
    4     8      5.21489424      3.64202401      0.10507364      0.00846470
    5     1      5.95094631      4.30602079      0.11126837      0.00739954
    5     2    -25.56239285      5.43379062      0.11711261      0.00761797
    5     3    -26.74003278      6.10266332      0.11323197      0.00617607
    5     4    -19.19707808      6.51411957      0.11428587      0.00733961
    5     5    142.06464068     10.09745546      0.13388703      0.00814191
    5     6    -84.20888362      6.98351882      0.13269752      0.00738818
    5     7     -1.40978302      4.34111292      0.11544140      0.00858102
    5     8      7.60661870      4.56332186      0.11794280      0.00878191
    6     1     -5.60274131      4.20974742      0.11599640      0.00705515
    6     2    -23.44376836      4.60239808      0.12158258      0.00747437
    6     3    -11.72559484      5.97916895      0.11533744      0.00575117
    6     4    -15.62980937      4.93379076      0.11689534      0.00689720
    6     5    -84.20888362      6.98351882      0.13269752      0.00738818
    6     6    140.89250723      8.14282204      0.14113413      0.00743543
    6     7      6.58599555      4.12380925      0.12269957      0.00853492
    6     8    -14.59062914      4.70073415      0.12635265      0.00879575
    7     1     -6.91173174      3.42236575      0.11804820      0.00831046
    7     2    -10.67870337      3.97537760      0.12186172      0.00884399
    7     3      3.20419172      4.59168285      0.09976299      0.00665207
    7     4     -3.08733695      3.79064207      0.10340105      0.00826675
    7     5     -1.40978302      4.34111292      0.11544140      0.00858102
    7     6      6.58599555      4.12380925      0.12269957      0.00853492
    7     7     74.14095218      7.67017797      0.16971674      0.01168089
    7     8    -61.30483947      7.08877057      0.16460020      0.01122679
    8     1     -9.02151049      3.86861905      0.12043272      0.00861094
    8     2     -9.20386503      3.83502524      0.12438368      0.00918688
    8     3      4.66101287      4.34473584      0.10170788      0.00693702
    8     4      5.21489424      3.64202401      0.10507364      0.00846470
    8     5      7.60661870      4.56332186      0.11794280      0.00878191
    8     6    -14.59062914      4.70073415      0.12635265      0.00879575
    8     7    -61.30483947      7.08877057      0.16460020      0.01122679
    8     8     75.90315832      8.15484680      0.17481786      0.01258630
